{
  "RSpec": {
    "coverage": {
      "/home/abstract-response-670c/tic-tac-toe-rb-online-web-sp-000/lib/tic_tac_toe.rb": [
        null,
        null,
        1,
        null,
        null,
        null,
        null,
        null,
        null,
        null,
        null,
        null,
        1,
        24,
        24,
        24,
        24,
        24,
        null,
        null,
        1,
        961,
        null,
        null,
        1,
        22,
        null,
        null,
        1,
        961,
        null,
        null,
        1,
        4,
        null,
        null,
        null,
        1,
        9610,
        null,
        null,
        1,
        960,
        960,
        960,
        null,
        null,
        null,
        1,
        959,
        959,
        958,
        958,
        958,
        19,
        19,
        null,
        939,
        null,
        null,
        null,
        null,
        1,
        65,
        null,
        null,
        65,
        445,
        null,
        null,
        445,
        717,
        null,
        null,
        null,
        445,
        541,
        null,
        null,
        null,
        445,
        20,
        null,
        20,
        null,
        null,
        null,
        45,
        null,
        null,
        1,
        123,
        null,
        null,
        1,
        28,
        null,
        null,
        1,
        21,
        null,
        null,
        null,
        1,
        23,
        23,
        7,
        null,
        null,
        null,
        null,
        null,
        null,
        1,
        12,
        18,
        null,
        null,
        null,
        11,
        4,
        7,
        1,
        6,
        3,
        null,
        null,
        null,
        null,
        null
      ]
    },
    "timestamp": 1610328221
  }
}
